<?xml version="1.0" encoding="UTF-8"?>
<!-- Generated by org.testng.reporters.JUnitReportReporter -->
<testsuite hostname="DESKTOP-GRE8QJG" failures="0" tests="4" name="testCases.TestCase1" time="0.039" errors="0" timestamp="2022-02-13T16:24:51 IST" skipped="0">
  <testcase classname="testCases.TestCase1" name="case3" time="0.001"/>
  <system-out/>
  <testcase classname="testCases.TestCase1" name="case2" time="0.001"/>
  <system-out/>
  <testcase classname="testCases.TestCase1" name="case1" time="0.036"/>
  <system-out/>
  <testcase classname="testCases.TestCase1" name="case4" time="0.001"/>
  <system-out/>
</testsuite> <!-- testCases.TestCase1 -->
