<?xml version="1.0" encoding="UTF-8"?>
<!-- Generated by org.testng.reporters.JUnitReportReporter -->
<testsuite hostname="DESKTOP-GRE8QJG" failures="0" tests="4" name="testCases.TestCase2" time="0.011" errors="0" timestamp="2022-02-16T10:39:05 IST" skipped="0">
  <testcase classname="testCases.TestCase2" name="case6" time="0.002"/>
  <system-out/>
  <testcase classname="testCases.TestCase2" name="case8" time="0.004"/>
  <system-out/>
  <testcase classname="testCases.TestCase2" name="case5" time="0.002"/>
  <system-out/>
  <testcase classname="testCases.TestCase2" name="case7" time="0.003"/>
  <system-out/>
</testsuite> <!-- testCases.TestCase2 -->
