<?xml version="1.0" encoding="UTF-8"?>
<!-- Generated by org.testng.reporters.JUnitReportReporter -->
<testsuite hostname="DESKTOP-GRE8QJG" failures="0" tests="4" name="testCases.TestCase3" time="0.023" errors="0" timestamp="2022-02-15T11:08:18 IST" skipped="0">
  <testcase classname="testCases.TestCase3" name="case9" time="0.003"/>
  <system-out/>
  <testcase classname="testCases.TestCase3" name="case10" time="0.008"/>
  <system-out/>
  <testcase classname="testCases.TestCase3" name="case12" time="0.002"/>
  <system-out/>
  <testcase classname="testCases.TestCase3" name="case11" time="0.010"/>
  <system-out/>
</testsuite> <!-- testCases.TestCase3 -->
