<?xml version="1.0" encoding="UTF-8"?>
<!-- Generated by org.testng.reporters.JUnitReportReporter -->
<testsuite hostname="DESKTOP-GRE8QJG" failures="0" tests="4" name="testCases.TestCase2" time="0.011" errors="0" timestamp="2022-02-13T16:00:24 IST" skipped="0">
  <testcase classname="testCases.TestCase2" name="case4" time="0.003"/>
  <system-out/>
  <testcase classname="testCases.TestCase2" name="case1" time="0.002"/>
  <system-out/>
  <testcase classname="testCases.TestCase2" name="case2" time="0.004"/>
  <system-out/>
  <testcase classname="testCases.TestCase2" name="case3" time="0.002"/>
  <system-out/>
</testsuite> <!-- testCases.TestCase2 -->
