<?xml version="1.0" encoding="UTF-8"?>
<!-- Generated by org.testng.reporters.JUnitReportReporter -->
<testsuite hostname="DESKTOP-GRE8QJG" failures="0" tests="4" name="testCases.TestCase3" time="0.007" errors="0" timestamp="2022-02-14T14:32:15 IST" skipped="0">
  <testcase classname="testCases.TestCase3" name="case11" time="0.001"/>
  <system-out/>
  <testcase classname="testCases.TestCase3" name="case10" time="0.003"/>
  <system-out/>
  <testcase classname="testCases.TestCase3" name="case12" time="0.002"/>
  <system-out/>
  <testcase classname="testCases.TestCase3" name="case9" time="0.001"/>
  <system-out/>
</testsuite> <!-- testCases.TestCase3 -->
